# JRE version: Java(TM) SE Runtime Environment (8.0_91-b14) (build 1.8.0_91-b14)
# Java VM: Java HotSpot(TM) 64-Bit Server VM (25.91-b14 mixed mode windows-amd64 compressed oops)
Heap:
 PSYoungGen      total 233472K, used 64600K [0x00000000eab00000, 0x0000000100000000, 0x0000000100000000)
  eden space 117248K, 55% used [0x00000000eab00000,0x00000000eea162a8,0x00000000f1d80000)
  from space 116224K, 0% used [0x00000000f8e80000,0x00000000f8e80000,0x0000000100000000)
  to   space 115712K, 0% used [0x00000000f1d80000,0x00000000f1d80000,0x00000000f8e80000)
 ParOldGen       total 699392K, used 695524K [0x00000000c0000000, 0x00000000eab00000, 0x00000000eab00000)
  object space 699392K, 99% used [0x00000000c0000000,0x00000000ea739358,0x00000000eab00000)
 Metaspace       used 6768K, capacity 7384K, committed 7680K, reserved 1056768K
  class space    used 634K, capacity 656K, committed 768K, reserved 1048576K
GC Heap History (10 events):
Event: 38.205 GC heap before
{Heap before GC invocations=47 (full 6):
 PSYoungGen      total 229888K, used 159986K [0x00000000eab00000, 0x00000000ffd00000, 0x0000000100000000)
  eden space 116736K, 100% used [0x00000000eab00000,0x00000000f1d00000,0x00000000f1d00000)
  from space 113152K, 38% used [0x00000000f8e80000,0x00000000fb8bca00,0x00000000ffd00000)
  to   space 114688K, 0% used [0x00000000f1d00000,0x00000000f1d00000,0x00000000f8d00000)
 ParOldGen       total 699392K, used 628329K [0x00000000c0000000, 0x00000000eab00000, 0x00000000eab00000)
  object space 699392K, 89% used [0x00000000c0000000,0x00000000e659a4e8,0x00000000eab00000)
 Metaspace       used 6660K, capacity 7320K, committed 7680K, reserved 1056768K
  class space    used 629K, capacity 656K, committed 768K, reserved 1048576K
Event: 38.299 GC heap after
Heap after GC invocations=47 (full 6):
 PSYoungGen      total 176128K, used 59106K [0x00000000eab00000, 0x00000000ff780000, 0x0000000100000000)
  eden space 116736K, 0% used [0x00000000eab00000,0x00000000eab00000,0x00000000f1d00000)
  from space 59392K, 99% used [0x00000000f1d00000,0x00000000f56b89e8,0x00000000f5700000)
  to   space 109568K, 0% used [0x00000000f8c80000,0x00000000f8c80000,0x00000000ff780000)
 ParOldGen       total 699392K, used 628329K [0x00000000c0000000, 0x00000000eab00000, 0x00000000eab00000)
  object space 699392K, 89% used [0x00000000c0000000,0x00000000e659a4e8,0x00000000eab00000)
 Metaspace       used 6660K, capacity 7320K, committed 7680K, reserved 1056768K
  class space    used 629K, capacity 656K, committed 768K, reserved 1048576K
}
Event: 38.539 GC heap before
{Heap before GC invocations=48 (full 6):
 PSYoungGen      total 176128K, used 175842K [0x00000000eab00000, 0x00000000ff780000, 0x0000000100000000)
  eden space 116736K, 100% used [0x00000000eab00000,0x00000000f1d00000,0x00000000f1d00000)
  from space 59392K, 99% used [0x00000000f1d00000,0x00000000f56b89e8,0x00000000f5700000)
  to   space 109568K, 0% used [0x00000000f8c80000,0x00000000f8c80000,0x00000000ff780000)
 ParOldGen       total 699392K, used 628329K [0x00000000c0000000, 0x00000000eab00000, 0x00000000eab00000)
  object space 699392K, 89% used [0x00000000c0000000,0x00000000e659a4e8,0x00000000eab00000)
 Metaspace       used 6661K, capacity 7320K, committed 7680K, reserved 1056768K
  class space    used 629K, capacity 656K, committed 768K, reserved 1048576K
Event: 38.631 GC heap after
Heap after GC invocations=48 (full 6):
 PSYoungGen      total 229888K, used 75177K [0x00000000eab00000, 0x00000000ffd00000, 0x0000000100000000)
  eden space 120320K, 0% used [0x00000000eab00000,0x00000000eab00000,0x00000000f2080000)
  from space 109568K, 68% used [0x00000000f8c80000,0x00000000fd5ea4d8,0x00000000ff780000)
  to   space 110592K, 0% used [0x00000000f2080000,0x00000000f2080000,0x00000000f8c80000)
 ParOldGen       total 699392K, used 628329K [0x00000000c0000000, 0x00000000eab00000, 0x00000000eab00000)
  object space 699392K, 89% used [0x00000000c0000000,0x00000000e659a4e8,0x00000000eab00000)
 Metaspace       used 6661K, capacity 7320K, committed 7680K, reserved 1056768K
  class space    used 629K, capacity 656K, committed 768K, reserved 1048576K
}
Event: 38.966 GC heap before
{Heap before GC invocations=49 (full 6):
 PSYoungGen      total 229888K, used 195497K [0x00000000eab00000, 0x00000000ffd00000, 0x0000000100000000)
  eden space 120320K, 100% used [0x00000000eab00000,0x00000000f2080000,0x00000000f2080000)
  from space 109568K, 68% used [0x00000000f8c80000,0x00000000fd5ea4d8,0x00000000ff780000)
  to   space 110592K, 0% used [0x00000000f2080000,0x00000000f2080000,0x00000000f8c80000)
 ParOldGen       total 699392K, used 628329K [0x00000000c0000000, 0x00000000eab00000, 0x00000000eab00000)
  object space 699392K, 89% used [0x00000000c0000000,0x00000000e659a4e8,0x00000000eab00000)
 Metaspace       used 6662K, capacity 7320K, committed 7680K, reserved 1056768K
  class space    used 629K, capacity 656K, committed 768K, reserved 1048576K
Event: 39.098 GC heap after
Heap after GC invocations=49 (full 6):
 PSYoungGen      total 230912K, used 94742K [0x00000000eab00000, 0x0000000100000000, 0x0000000100000000)
  eden space 120320K, 0% used [0x00000000eab00000,0x00000000eab00000,0x00000000f2080000)
  from space 110592K, 85% used [0x00000000f2080000,0x00000000f7d05a78,0x00000000f8c80000)
  to   space 116224K, 0% used [0x00000000f8e80000,0x00000000f8e80000,0x0000000100000000)
 ParOldGen       total 699392K, used 628329K [0x00000000c0000000, 0x00000000eab00000, 0x00000000eab00000)
  object space 699392K, 89% used [0x00000000c0000000,0x00000000e659a4e8,0x00000000eab00000)
 Metaspace       used 6662K, capacity 7320K, committed 7680K, reserved 1056768K
  class space    used 629K, capacity 656K, committed 768K, reserved 1048576K
}
Event: 39.315 GC heap before
{Heap before GC invocations=50 (full 6):
 PSYoungGen      total 230912K, used 215062K [0x00000000eab00000, 0x0000000100000000, 0x0000000100000000)
  eden space 120320K, 100% used [0x00000000eab00000,0x00000000f2080000,0x00000000f2080000)
  from space 110592K, 85% used [0x00000000f2080000,0x00000000f7d05a78,0x00000000f8c80000)
  to   space 116224K, 0% used [0x00000000f8e80000,0x00000000f8e80000,0x0000000100000000)
 ParOldGen       total 699392K, used 628329K [0x00000000c0000000, 0x00000000eab00000, 0x00000000eab00000)
  object space 699392K, 89% used [0x00000000c0000000,0x00000000e659a4e8,0x00000000eab00000)
 Metaspace       used 6662K, capacity 7320K, committed 7680K, reserved 1056768K
  class space    used 629K, capacity 656K, committed 768K, reserved 1048576K
Event: 39.477 GC heap after
Heap after GC invocations=50 (full 6):
 PSYoungGen      total 233472K, used 69455K [0x00000000eab00000, 0x0000000100000000, 0x0000000100000000)
  eden space 117248K, 0% used [0x00000000eab00000,0x00000000eab00000,0x00000000f1d80000)
  from space 116224K, 59% used [0x00000000f8e80000,0x00000000fd253e60,0x0000000100000000)
  to   space 115712K, 0% used [0x00000000f1d80000,0x00000000f1d80000,0x00000000f8e80000)
 ParOldGen       total 699392K, used 670251K [0x00000000c0000000, 0x00000000eab00000, 0x00000000eab00000)
  object space 699392K, 95% used [0x00000000c0000000,0x00000000e8e8ae70,0x00000000eab00000)
 Metaspace       used 6662K, capacity 7320K, committed 7680K, reserved 1056768K
  class space    used 629K, capacity 656K, committed 768K, reserved 1048576K
}
Event: 39.477 GC heap before
{Heap before GC invocations=51 (full 7):
 PSYoungGen      total 233472K, used 69455K [0x00000000eab00000, 0x0000000100000000, 0x0000000100000000)
  eden space 117248K, 0% used [0x00000000eab00000,0x00000000eab00000,0x00000000f1d80000)
  from space 116224K, 59% used [0x00000000f8e80000,0x00000000fd253e60,0x0000000100000000)
  to   space 115712K, 0% used [0x00000000f1d80000,0x00000000f1d80000,0x00000000f8e80000)
 ParOldGen       total 699392K, used 670251K [0x00000000c0000000, 0x00000000eab00000, 0x00000000eab00000)
  object space 699392K, 95% used [0x00000000c0000000,0x00000000e8e8ae70,0x00000000eab00000)
 Metaspace       used 6662K, capacity 7320K, committed 7680K, reserved 1056768K
  class space    used 629K, capacity 656K, committed 768K, reserved 1048576K
Event: 41.620 GC heap after
Heap after GC invocations=51 (full 7):
 PSYoungGen      total 233472K, used 0K [0x00000000eab00000, 0x0000000100000000, 0x0000000100000000)
  eden space 117248K, 0% used [0x00000000eab00000,0x00000000eab00000,0x00000000f1d80000)
  from space 116224K, 0% used [0x00000000f8e80000,0x00000000f8e80000,0x0000000100000000)
  to   space 115712K, 0% used [0x00000000f1d80000,0x00000000f1d80000,0x00000000f8e80000)
 ParOldGen       total 699392K, used 695524K [0x00000000c0000000, 0x00000000eab00000, 0x00000000eab00000)
  object space 699392K, 99% used [0x00000000c0000000,0x00000000ea739358,0x00000000eab00000)
 Metaspace       used 6662K, capacity 7320K, committed 7680K, reserved 1056768K
  class space    used 629K, capacity 656K, committed 768K, reserved 1048576K
}

